This file contains any messages produced by compilers while
running configure, to aid debugging if configure makes a mistake.

It was created by ParIS Parallel index of sequence configure 1.3, which was
generated by GNU Autoconf 2.69.  Invocation command line was

  $ ./configure 

## --------- ##
## Platform. ##
## --------- ##

hostname = stella01
uname -m = x86_64
uname -r = 4.18.0-193.el8.x86_64
uname -s = Linux
uname -v = #1 SMP Fri Mar 27 14:35:58 UTC 2020

/usr/bin/uname -p = x86_64
/bin/uname -X     = unknown

/bin/arch              = x86_64
/usr/bin/arch -k       = unknown
/usr/convex/getsysinfo = unknown
/usr/bin/hostinfo      = unknown
/bin/machine           = unknown
/usr/bin/oslevel       = unknown
/bin/universe          = unknown

PATH: /opt/lenovo/onecli/utilities/lsi
PATH: /usr/share/Modules/bin
PATH: /opt/lenovo/onecli
PATH: /usr/lpp/mmfs/bin
PATH: /usr/local/bin
PATH: /usr/bin
PATH: /usr/local/sbin
PATH: /usr/sbin


## ----------- ##
## Core tests. ##
## ----------- ##

configure:2090: checking for a BSD-compatible install
configure:2158: result: /usr/bin/install -c
configure:2169: checking whether build environment is sane
configure:2224: result: yes
configure:2375: checking for a thread-safe mkdir -p
configure:2414: result: /usr/bin/mkdir -p
configure:2421: checking for gawk
configure:2437: found /usr/bin/gawk
configure:2448: result: gawk
configure:2459: checking whether make sets $(MAKE)
configure:2481: result: yes
configure:2510: checking whether make supports nested variables
configure:2527: result: yes
configure:2694: checking for gcc
configure:2710: found /usr/bin/gcc
configure:2721: result: gcc
configure:2950: checking for C compiler version
configure:2959: gcc --version >&5
gcc (GCC) 8.3.1 20191121 (Red Hat 8.3.1-5)
Copyright (C) 2018 Free Software Foundation, Inc.
This is free software; see the source for copying conditions.  There is NO
warranty; not even for MERCHANTABILITY or FITNESS FOR A PARTICULAR PURPOSE.

configure:2970: $? = 0
configure:2959: gcc -v >&5
Using built-in specs.
COLLECT_GCC=gcc
COLLECT_LTO_WRAPPER=/usr/libexec/gcc/x86_64-redhat-linux/8/lto-wrapper
OFFLOAD_TARGET_NAMES=nvptx-none
OFFLOAD_TARGET_DEFAULT=1
Target: x86_64-redhat-linux
Configured with: ../configure --enable-bootstrap --enable-languages=c,c++,fortran,lto --prefix=/usr --mandir=/usr/share/man --infodir=/usr/share/info --with-bugurl=http://bugzilla.redhat.com/bugzilla --enable-shared --enable-threads=posix --enable-checking=release --enable-multilib --with-system-zlib --enable-__cxa_atexit --disable-libunwind-exceptions --enable-gnu-unique-object --enable-linker-build-id --with-gcc-major-version-only --with-linker-hash-style=gnu --enable-plugin --enable-initfini-array --with-isl --disable-libmpx --enable-offload-targets=nvptx-none --without-cuda-driver --enable-gnu-indirect-function --enable-cet --with-tune=generic --with-arch_32=x86-64 --build=x86_64-redhat-linux
Thread model: posix
gcc version 8.3.1 20191121 (Red Hat 8.3.1-5) (GCC) 
configure:2970: $? = 0
configure:2959: gcc -V >&5
gcc: error: unrecognized command line option '-V'
gcc: fatal error: no input files
compilation terminated.
configure:2970: $? = 1
configure:2959: gcc -qversion >&5
gcc: error: unrecognized command line option '-qversion'; did you mean '--version'?
gcc: fatal error: no input files
compilation terminated.
configure:2970: $? = 1
configure:2990: checking whether the C compiler works
configure:3012: gcc    conftest.c  >&5
configure:3016: $? = 0
configure:3064: result: yes
configure:3067: checking for C compiler default output file name
configure:3069: result: a.out
configure:3075: checking for suffix of executables
configure:3082: gcc -o conftest    conftest.c  >&5
configure:3086: $? = 0
configure:3108: result: 
configure:3130: checking whether we are cross compiling
configure:3138: gcc -o conftest    conftest.c  >&5
configure:3142: $? = 0
configure:3149: ./conftest
configure:3153: $? = 0
configure:3168: result: no
configure:3173: checking for suffix of object files
configure:3195: gcc -c   conftest.c >&5
configure:3199: $? = 0
configure:3220: result: o
configure:3224: checking whether we are using the GNU C compiler
configure:3243: gcc -c   conftest.c >&5
configure:3243: $? = 0
configure:3252: result: yes
configure:3261: checking whether gcc accepts -g
configure:3281: gcc -c -g  conftest.c >&5
configure:3281: $? = 0
configure:3322: result: yes
configure:3339: checking for gcc option to accept ISO C89
configure:3402: gcc  -c -g -O2  conftest.c >&5
configure:3402: $? = 0
configure:3415: result: none needed
configure:3440: checking whether gcc understands -c and -o together
configure:3462: gcc -c conftest.c -o conftest2.o
configure:3465: $? = 0
configure:3462: gcc -c conftest.c -o conftest2.o
configure:3465: $? = 0
configure:3477: result: yes
configure:3497: checking whether make supports the include directive
configure:3512: make -f confmf.GNU && cat confinc.out
this is the am__doit target
configure:3515: $? = 0
configure:3534: result: yes (GNU style)
configure:3559: checking dependency style of gcc
configure:3670: result: gcc3
configure:3728: checking for ranlib
configure:3744: found /usr/bin/ranlib
configure:3755: result: ranlib
configure:3784: checking how to run the C preprocessor
configure:3815: gcc -E  conftest.c
configure:3815: $? = 0
configure:3829: gcc -E  conftest.c
conftest.c:9:10: fatal error: ac_nonexistent.h: No such file or directory
 #include <ac_nonexistent.h>
          ^~~~~~~~~~~~~~~~~~
compilation terminated.
configure:3829: $? = 1
configure: failed program was:
| /* confdefs.h */
| #define PACKAGE_NAME "ParIS Parallel index of sequence"
| #define PACKAGE_TARNAME "libads"
| #define PACKAGE_VERSION "1.3"
| #define PACKAGE_STRING "ParIS Parallel index of sequence 1.3"
| #define PACKAGE_BUGREPORT "botao.peng@parisdescartes.fr"
| #define PACKAGE_URL ""
| /* end confdefs.h.  */
| #include <ac_nonexistent.h>
configure:3854: result: gcc -E
configure:3874: gcc -E  conftest.c
configure:3874: $? = 0
configure:3888: gcc -E  conftest.c
conftest.c:9:10: fatal error: ac_nonexistent.h: No such file or directory
 #include <ac_nonexistent.h>
          ^~~~~~~~~~~~~~~~~~
compilation terminated.
configure:3888: $? = 1
configure: failed program was:
| /* confdefs.h */
| #define PACKAGE_NAME "ParIS Parallel index of sequence"
| #define PACKAGE_TARNAME "libads"
| #define PACKAGE_VERSION "1.3"
| #define PACKAGE_STRING "ParIS Parallel index of sequence 1.3"
| #define PACKAGE_BUGREPORT "botao.peng@parisdescartes.fr"
| #define PACKAGE_URL ""
| /* end confdefs.h.  */
| #include <ac_nonexistent.h>
configure:3917: checking for grep that handles long lines and -e
configure:3975: result: /usr/bin/grep
configure:3980: checking for egrep
configure:4042: result: /usr/bin/grep -E
configure:4047: checking for ANSI C header files
configure:4067: gcc -c -g -O2  conftest.c >&5
configure:4067: $? = 0
configure:4140: gcc -o conftest -g -O2   conftest.c  >&5
configure:4140: $? = 0
configure:4140: ./conftest
configure:4140: $? = 0
configure:4151: result: yes
configure:4164: checking for sys/types.h
configure:4164: gcc -c -g -O2  conftest.c >&5
configure:4164: $? = 0
configure:4164: result: yes
configure:4164: checking for sys/stat.h
configure:4164: gcc -c -g -O2  conftest.c >&5
configure:4164: $? = 0
configure:4164: result: yes
configure:4164: checking for stdlib.h
configure:4164: gcc -c -g -O2  conftest.c >&5
configure:4164: $? = 0
configure:4164: result: yes
configure:4164: checking for string.h
configure:4164: gcc -c -g -O2  conftest.c >&5
configure:4164: $? = 0
configure:4164: result: yes
configure:4164: checking for memory.h
configure:4164: gcc -c -g -O2  conftest.c >&5
configure:4164: $? = 0
configure:4164: result: yes
configure:4164: checking for strings.h
configure:4164: gcc -c -g -O2  conftest.c >&5
configure:4164: $? = 0
configure:4164: result: yes
configure:4164: checking for inttypes.h
configure:4164: gcc -c -g -O2  conftest.c >&5
configure:4164: $? = 0
configure:4164: result: yes
configure:4164: checking for stdint.h
configure:4164: gcc -c -g -O2  conftest.c >&5
configure:4164: $? = 0
configure:4164: result: yes
configure:4164: checking for unistd.h
configure:4164: gcc -c -g -O2  conftest.c >&5
configure:4164: $? = 0
configure:4164: result: yes
configure:4176: checking values.h usability
configure:4176: gcc -c -g -O2  conftest.c >&5
configure:4176: $? = 0
configure:4176: result: yes
configure:4176: checking values.h presence
configure:4176: gcc -E  conftest.c
configure:4176: $? = 0
configure:4176: result: yes
configure:4176: checking for values.h
configure:4176: result: yes
configure:4384: checking that generated files are newer than configure
configure:4390: result: done
configure:4413: creating ./config.status

## ---------------------- ##
## Running config.status. ##
## ---------------------- ##

This file was extended by ParIS Parallel index of sequence config.status 1.3, which was
generated by GNU Autoconf 2.69.  Invocation command line was

  CONFIG_FILES    = 
  CONFIG_HEADERS  = 
  CONFIG_LINKS    = 
  CONFIG_COMMANDS = 
  $ ./config.status 

on stella01

config.status:855: creating Makefile
config.status:855: creating config.h
config.status:1036: config.h is unchanged
config.status:1084: executing depfiles commands
config.status:1161: cd .       && sed -e '/# am--include-marker/d' Makefile         | make -f - am--depfiles
make: Nothing to be done for 'am--depfiles'.
config.status:1166: $? = 0

## ---------------- ##
## Cache variables. ##
## ---------------- ##

ac_cv_c_compiler_gnu=yes
ac_cv_env_CC_set=
ac_cv_env_CC_value=
ac_cv_env_CFLAGS_set=
ac_cv_env_CFLAGS_value=
ac_cv_env_CPPFLAGS_set=
ac_cv_env_CPPFLAGS_value=
ac_cv_env_CPP_set=
ac_cv_env_CPP_value=
ac_cv_env_LDFLAGS_set=
ac_cv_env_LDFLAGS_value=
ac_cv_env_LIBS_set=
ac_cv_env_LIBS_value=
ac_cv_env_build_alias_set=
ac_cv_env_build_alias_value=
ac_cv_env_host_alias_set=
ac_cv_env_host_alias_value=
ac_cv_env_target_alias_set=
ac_cv_env_target_alias_value=
ac_cv_header_inttypes_h=yes
ac_cv_header_memory_h=yes
ac_cv_header_stdc=yes
ac_cv_header_stdint_h=yes
ac_cv_header_stdlib_h=yes
ac_cv_header_string_h=yes
ac_cv_header_strings_h=yes
ac_cv_header_sys_stat_h=yes
ac_cv_header_sys_types_h=yes
ac_cv_header_unistd_h=yes
ac_cv_header_values_h=yes
ac_cv_objext=o
ac_cv_path_EGREP='/usr/bin/grep -E'
ac_cv_path_GREP=/usr/bin/grep
ac_cv_path_install='/usr/bin/install -c'
ac_cv_path_mkdir=/usr/bin/mkdir
ac_cv_prog_AWK=gawk
ac_cv_prog_CPP='gcc -E'
ac_cv_prog_ac_ct_CC=gcc
ac_cv_prog_ac_ct_RANLIB=ranlib
ac_cv_prog_cc_c89=
ac_cv_prog_cc_g=yes
ac_cv_prog_make_make_set=yes
am_cv_CC_dependencies_compiler_type=gcc3
am_cv_make_support_nested_variables=yes
am_cv_prog_cc_c_o=yes

## ----------------- ##
## Output variables. ##
## ----------------- ##

ACLOCAL='${SHELL} /gpfs/users/chatzakis/Thesis-Manos-Chatzakis/Odyssey/ads/missing aclocal-1.16'
AMDEPBACKSLASH='\'
AMDEP_FALSE='#'
AMDEP_TRUE=''
AMTAR='$${TAR-tar}'
AM_BACKSLASH='\'
AM_DEFAULT_V='$(AM_DEFAULT_VERBOSITY)'
AM_DEFAULT_VERBOSITY='1'
AM_V='$(V)'
AUTOCONF='${SHELL} /gpfs/users/chatzakis/Thesis-Manos-Chatzakis/Odyssey/ads/missing autoconf'
AUTOHEADER='${SHELL} /gpfs/users/chatzakis/Thesis-Manos-Chatzakis/Odyssey/ads/missing autoheader'
AUTOMAKE='${SHELL} /gpfs/users/chatzakis/Thesis-Manos-Chatzakis/Odyssey/ads/missing automake-1.16'
AWK='gawk'
CC='gcc'
CCDEPMODE='depmode=gcc3'
CFLAGS='-g -O2'
CPP='gcc -E'
CPPFLAGS=''
CYGPATH_W='echo'
DEFS='-DHAVE_CONFIG_H'
DEPDIR='.deps'
ECHO_C=''
ECHO_N='-n'
ECHO_T=''
EGREP='/usr/bin/grep -E'
EXEEXT=''
GREP='/usr/bin/grep'
INSTALL_DATA='${INSTALL} -m 644'
INSTALL_PROGRAM='${INSTALL}'
INSTALL_SCRIPT='${INSTALL}'
INSTALL_STRIP_PROGRAM='$(install_sh) -c -s'
LDFLAGS=''
LIBOBJS=''
LIBS=''
LTLIBOBJS=''
MAKEINFO='${SHELL} /gpfs/users/chatzakis/Thesis-Manos-Chatzakis/Odyssey/ads/missing makeinfo'
MKDIR_P='/usr/bin/mkdir -p'
OBJEXT='o'
PACKAGE='libads'
PACKAGE_BUGREPORT='botao.peng@parisdescartes.fr'
PACKAGE_NAME='ParIS Parallel index of sequence'
PACKAGE_STRING='ParIS Parallel index of sequence 1.3'
PACKAGE_TARNAME='libads'
PACKAGE_URL=''
PACKAGE_VERSION='1.3'
PATH_SEPARATOR=':'
RANLIB='ranlib'
SET_MAKE=''
SHELL='/bin/sh'
STRIP=''
VERSION='1.3'
ac_ct_CC='gcc'
am__EXEEXT_FALSE=''
am__EXEEXT_TRUE='#'
am__fastdepCC_FALSE='#'
am__fastdepCC_TRUE=''
am__include='include'
am__isrc=''
am__leading_dot='.'
am__nodep='_no'
am__quote=''
am__tar='$${TAR-tar} chof - "$$tardir"'
am__untar='$${TAR-tar} xf -'
bindir='${exec_prefix}/bin'
build_alias=''
datadir='${datarootdir}'
datarootdir='${prefix}/share'
docdir='${datarootdir}/doc/${PACKAGE_TARNAME}'
dvidir='${docdir}'
exec_prefix='${prefix}'
host_alias=''
htmldir='${docdir}'
includedir='${prefix}/include'
infodir='${datarootdir}/info'
install_sh='${SHELL} /gpfs/users/chatzakis/Thesis-Manos-Chatzakis/Odyssey/ads/install-sh'
libdir='${exec_prefix}/lib'
libexecdir='${exec_prefix}/libexec'
localedir='${datarootdir}/locale'
localstatedir='${prefix}/var'
mandir='${datarootdir}/man'
mkdir_p='$(MKDIR_P)'
oldincludedir='/usr/include'
pdfdir='${docdir}'
prefix='/usr/local'
program_transform_name='s,x,x,'
psdir='${docdir}'
sbindir='${exec_prefix}/sbin'
sharedstatedir='${prefix}/com'
sysconfdir='${prefix}/etc'
target_alias=''

## ----------- ##
## confdefs.h. ##
## ----------- ##

/* confdefs.h */
#define PACKAGE_NAME "ParIS Parallel index of sequence"
#define PACKAGE_TARNAME "libads"
#define PACKAGE_VERSION "1.3"
#define PACKAGE_STRING "ParIS Parallel index of sequence 1.3"
#define PACKAGE_BUGREPORT "botao.peng@parisdescartes.fr"
#define PACKAGE_URL ""
#define STDC_HEADERS 1
#define HAVE_SYS_TYPES_H 1
#define HAVE_SYS_STAT_H 1
#define HAVE_STDLIB_H 1
#define HAVE_STRING_H 1
#define HAVE_MEMORY_H 1
#define HAVE_STRINGS_H 1
#define HAVE_INTTYPES_H 1
#define HAVE_STDINT_H 1
#define HAVE_UNISTD_H 1
#define VALUES /**/
#define EKOSMAS_DEV_OUTPUT /**/
#define BENCHMARK /**/
#define VERBOSE 0

configure: exit 0

## ---------------------- ##
## Running config.status. ##
## ---------------------- ##

This file was extended by ParIS Parallel index of sequence config.status 1.3, which was
generated by GNU Autoconf 2.69.  Invocation command line was

  CONFIG_FILES    = 
  CONFIG_HEADERS  = 
  CONFIG_LINKS    = 
  CONFIG_COMMANDS = 
  $ ./config.status Makefile depfiles

on stella01

config.status:855: creating Makefile
config.status:1084: executing depfiles commands
config.status:1161: cd .       && sed -e '/# am--include-marker/d' Makefile         | make -f - am--depfiles
make[1]: Entering directory '/gpfs/users/chatzakis/Thesis-Manos-Chatzakis/Odyssey/ads'
make[1]: Nothing to be done for 'am--depfiles'.
make[1]: Leaving directory '/gpfs/users/chatzakis/Thesis-Manos-Chatzakis/Odyssey/ads'
config.status:1166: $? = 0

## ---------------------- ##
## Running config.status. ##
## ---------------------- ##

This file was extended by ParIS Parallel index of sequence config.status 1.3, which was
generated by GNU Autoconf 2.69.  Invocation command line was

  CONFIG_FILES    = 
  CONFIG_HEADERS  = 
  CONFIG_LINKS    = 
  CONFIG_COMMANDS = 
  $ ./config.status Makefile depfiles

on stella01

config.status:855: creating Makefile
config.status:1084: executing depfiles commands
config.status:1161: cd .       && sed -e '/# am--include-marker/d' Makefile         | make -f - am--depfiles
make[1]: Entering directory '/gpfs/users/chatzakis/Thesis-Manos-Chatzakis/Odyssey/ads'
make[1]: Nothing to be done for 'am--depfiles'.
make[1]: Leaving directory '/gpfs/users/chatzakis/Thesis-Manos-Chatzakis/Odyssey/ads'
config.status:1166: $? = 0
