Jobid 571673
Running on: ncpu005
SLURM_NTASKS=1
SLURM_NTASKS_PER_NODE=1
SLURM_CPUS_PER_TASK=
SLURM_NNODES=1
SLURM_CPUS_ON_NODE=128
SLURM_NTASKS=1
Loading compiler version 2021.2.0
Loading tbb version 2021.2.0
Loading debugger version 10.1.1
Loading compiler-rt version 2021.2.0
Loading dpl version 2021.2.0
Loading oclfpga version 2021.2.0
Removing compiler-rt version 2021.2.0
Removing tbb version 2021.2.0
Loading mkl version 2021.2.0
Loading compiler-rt version 2021.2.0
Loading tbb version 2021.2.0
Loading mpi version 2021.2.0
Currently Loaded Modulefiles:
 1) debugger/latest                                                                   
 2) dpl/latest                                                                        
 3) /gpfs/softs/intel/oneapi/compiler/2021.2.0/linux/lib/oclfpga/modulefiles/oclfpga  
 4) compiler/2021.2.0                                                                 
 5) compiler-rt/2021.2.0                                                              
 6) tbb/2021.2.0                                                                      
 7) mkl/2021.2.0                                                                      
 8) mpi/2021.2.0                                                                      
 9) intel/21U2/suite                                                                  
================ MASTER NODE STARTING OUTPUT ================
[Total Processes, File Label]: [1, without-label]
[Leaf Size, Min Leaf Size, Read Block, Flush Limit]: [2000, 2000, 20000, 1000000]
[Dataset, Queries]: [/gpfs/scratch/chatzakis/data_size100M_seismic_len256_znorm.bin, /gpfs/scratch/chatzakis/new-experiments/queries_ctrl1600_seismic_len256_znorm.bin]
Time series size: 256
System-Wide BSF: 0
[Dataset_Size, Queries_Size]: [100000000, 1600]
[Index Workers, Query Workers]: [16, 64]
Query Mode: 22
Distributed Queries Burst: 1
Chunk to load: 0
Gather query prediction statistics: 0
All Nodes Index Dataset: 0
Query Estimations Filename: /gpfs/users/chatzakis/Thesis-Manos-Chatzakis/DRESS/ads/run_automation/query_analysis/benchmark_estimations/query_execution_time_estimations_benchmark501.txt
TH Division Factor: 16
Basis Func Filename: /gpfs/users/chatzakis/Thesis-Manos-Chatzakis/DRESS/ads/run_automation/pq_analysis/estimations_parameters/seismic_100classic_sigmoid.txt
Workstealing: 0
Total node groups: 1
=============================================================
[MC] - Process [0] runs on machine [ncpu005]
[MC] - Master: Index Creation with 16 threads.
[MC] - Unsupported QA method for classic MESSI.
